<?xml version="1.0" encoding="UTF-8"?><testsuite errors="1" failures="0" name="Pesquisar selecionar um hotel cinco estrelas no Rio de Janeiro" skipped="0" tests="1" time="60.44" timestamp="2018-01-24 08:30:54"><testcase name="Pesquisa no Hotel Urbano por um hotel cinco estrelas"><error message="unknown error: Element &lt;div class=&quot;card-result item hotels container-new-card col-xs-12 promotion-sku&quot; data-id=&quot;AT519164&quot; data-promotion-sku=&quot;OMN-6559-0-0-0-0&quot; data-url=&quot;https://www.hotelurbano.com/hoteis/rio-de-janeiro/windsor-california-hotel-OMN-6559&quot;&gt;...&lt;/div&gt; is not clickable at point (817, 102). Other element would receive the click: &lt;div class=&quot;loader&quot; id=&quot;loading-modal&quot; style=&quot;width: 849px; height:4502px;&quot;&gt;...&lt;/div&gt;&#10;  (Session info: chrome=63.0.3239.132)&#10;  (Driver info: chromedriver=2.33.506120 (e3e53437346286c0bc2d2dc9aa4915ba81d9023f),platform=Windows NT 6.1.7601 SP1 x86_64) (WARNING: The server did not provide any stacktrace information)&#10;Command duration or timeout: 100 milliseconds&#10;Build info: version: '2.53.1', revision: 'a36b8b1cd5757287168e54b817830adce9b0158d', time: '2016-06-30 19:26:09'&#10;System info: host: 'RSI4018', ip: '10.1.10.230', os.name: 'Windows 7', os.arch: 'amd64', os.version: '6.1', java.version: '1.8.0_101'&#10;Driver info: org.openqa.selenium.remote.RemoteWebDriver&#10;Capabilities [{applicationCacheEnabled=false, rotatable=false, mobileEmulationEnabled=false, networkConnectionEnabled=false, chrome={chromedriverVersion=2.33.506120 (e3e53437346286c0bc2d2dc9aa4915ba81d9023f), userDataDir=C:\Users\ANDRE~1.GRA\AppData\Local\Temp\scoped_dir3508_24963}, takesHeapSnapshot=true, pageLoadStrategy=normal, databaseEnabled=false, handlesAlerts=true, hasTouchScreen=false, version=63.0.3239.132, platform=XP, browserConnectionEnabled=false, nativeEvents=true, acceptSslCerts=true, locationContextEnabled=true, webStorageEnabled=true, browserName=chrome, takesScreenshot=true, javascriptEnabled=true, cssSelectorsEnabled=true, setWindowRect=true, unexpectedAlertBehaviour=}]&#10;Session ID: 826a9af912529f333d193c55d43c1293" type="org.openqa.selenium.WebDriverException">unknown error: Element &lt;div class="card-result item hotels container-new-card col-xs-12 promotion-sku" data-id="AT519164" data-promotion-sku="OMN-6559-0-0-0-0" data-url="https://www.hotelurbano.com/hoteis/rio-de-janeiro/windsor-california-hotel-OMN-6559"&gt;...&lt;/div&gt; is not clickable at point (817, 102). Other element would receive the click: &lt;div class="loader" id="loading-modal" style="width: 849px; height:4502px;"&gt;...&lt;/div&gt;
  (Session info: chrome=63.0.3239.132)
  (Driver info: chromedriver=2.33.506120 (e3e53437346286c0bc2d2dc9aa4915ba81d9023f),platform=Windows NT 6.1.7601 SP1 x86_64) (WARNING: The server did not provide any stacktrace information)
Command duration or timeout: 100 milliseconds
Build info: version: '2.53.1', revision: 'a36b8b1cd5757287168e54b817830adce9b0158d', time: '2016-06-30 19:26:09'
System info: host: 'RSI4018', ip: '10.1.10.230', os.name: 'Windows 7', os.arch: 'amd64', os.version: '6.1', java.version: '1.8.0_101'
Driver info: org.openqa.selenium.remote.RemoteWebDriver
Capabilities [{applicationCacheEnabled=false, rotatable=false, mobileEmulationEnabled=false, networkConnectionEnabled=false, chrome={chromedriverVersion=2.33.506120 (e3e53437346286c0bc2d2dc9aa4915ba81d9023f), userDataDir=C:\Users\ANDRE~1.GRA\AppData\Local\Temp\scoped_dir3508_24963}, takesHeapSnapshot=true, pageLoadStrategy=normal, databaseEnabled=false, handlesAlerts=true, hasTouchScreen=false, version=63.0.3239.132, platform=XP, browserConnectionEnabled=false, nativeEvents=true, acceptSslCerts=true, locationContextEnabled=true, webStorageEnabled=true, browserName=chrome, takesScreenshot=true, javascriptEnabled=true, cssSelectorsEnabled=true, setWindowRect=true, unexpectedAlertBehaviour=}]
Session ID: 826a9af912529f333d193c55d43c1293</error><system-err>unknown error: Element &lt;div class="card-result item hotels container-new-card col-xs-12 promotion-sku" data-id="AT519164" data-promotion-sku="OMN-6559-0-0-0-0" data-url="https://www.hotelurbano.com/hoteis/rio-de-janeiro/windsor-california-hotel-OMN-6559"&gt;...&lt;/div&gt; is not clickable at point (817, 102). Other element would receive the click: &lt;div class="loader" id="loading-modal" style="width: 849px; height:4502px;"&gt;...&lt;/div&gt;
  (Session info: chrome=63.0.3239.132)
  (Driver info: chromedriver=2.33.506120 (e3e53437346286c0bc2d2dc9aa4915ba81d9023f),platform=Windows NT 6.1.7601 SP1 x86_64) (WARNING: The server did not provide any stacktrace information)
Command duration or timeout: 100 milliseconds
Build info: version: '2.53.1', revision: 'a36b8b1cd5757287168e54b817830adce9b0158d', time: '2016-06-30 19:26:09'
System info: host: 'RSI4018', ip: '10.1.10.230', os.name: 'Windows 7', os.arch: 'amd64', os.version: '6.1', java.version: '1.8.0_101'
Driver info: org.openqa.selenium.remote.RemoteWebDriver
Capabilities [{applicationCacheEnabled=false, rotatable=false, mobileEmulationEnabled=false, networkConnectionEnabled=false, chrome={chromedriverVersion=2.33.506120 (e3e53437346286c0bc2d2dc9aa4915ba81d9023f), userDataDir=C:\Users\ANDRE~1.GRA\AppData\Local\Temp\scoped_dir3508_24963}, takesHeapSnapshot=true, pageLoadStrategy=normal, databaseEnabled=false, handlesAlerts=true, hasTouchScreen=false, version=63.0.3239.132, platform=XP, browserConnectionEnabled=false, nativeEvents=true, acceptSslCerts=true, locationContextEnabled=true, webStorageEnabled=true, browserName=chrome, takesScreenshot=true, javascriptEnabled=true, cssSelectorsEnabled=true, setWindowRect=true, unexpectedAlertBehaviour=}]
Session ID: 826a9af912529f333d193c55d43c1293&#13;
com.br.projeto.steps.business.StepBusinessHotelUrbano.selecionaPrimeiroHotel(StepBusinessHotelUrbano.java:55)&#13;
com.br.projeto.steps.definition.StepDefinitionHotelUrbano.seleciono_o_primeiro_hotel(StepDefinitionHotelUrbano.java:48)&#13;
io.openbdt.run.SuiteTestRunner.runWithJunit(SuiteTestRunner.java:21)&#13;
com.br.projeto.runner.RunnerTest.test(RunnerTest.java:33)&#13;
org.springframework.test.context.junit4.statements.RunBeforeTestMethodCallbacks.evaluate(RunBeforeTestMethodCallbacks.java:75)&#13;
org.springframework.test.context.junit4.statements.RunAfterTestMethodCallbacks.evaluate(RunAfterTestMethodCallbacks.java:86)&#13;
org.springframework.test.context.junit4.statements.SpringRepeat.evaluate(SpringRepeat.java:84)&#13;
org.springframework.test.context.junit4.SpringJUnit4ClassRunner.runChild(SpringJUnit4ClassRunner.java:254)&#13;
org.springframework.test.context.junit4.SpringJUnit4ClassRunner.runChild(SpringJUnit4ClassRunner.java:89)&#13;
</system-err></testcase></testsuite>